
bitTo7seg.elf:     file format elf32-littlearm


Disassembly of section .text:

20000000 <start>:
start:	LDR	R0, =0x555555555
20000000:	480b      	ldr	r0, [pc, #44]	; (20000030 <SegCodes+0x10>)
	LDR	R1, =0x40020C00
20000002:	490c      	ldr	r1, [pc, #48]	; (20000034 <SegCodes+0x14>)
	STR	R0, [R1]
20000004:	6008      	str	r0, [r1, #0]
	LDR	R5, =0x40020C14
20000006:	4d0c      	ldr	r5, [pc, #48]	; (20000038 <SegCodes+0x18>)
	LDR	R6, =0x40021010
20000008:	4e0c      	ldr	r6, [pc, #48]	; (2000003c <SegCodes+0x1c>)
	LDR	R4, =0x20000020
2000000a:	4c0d      	ldr	r4, [pc, #52]	; (20000040 <SegCodes+0x20>)

2000000c <main>:

main:
	LDRB	R3, [R6]
2000000c:	7833      	ldrb	r3, [r6, #0]
	CMP	R3, #16
2000000e:	2b10      	cmp	r3, #16
	BCC	main_1
20000010:	d300      	bcc.n	20000014 <main_1>
	B	main_2
20000012:	e002      	b.n	2000001a <main_2>

20000014 <main_1>:

main_1:	LDRB	R3, [R3, R4]
20000014:	5d1b      	ldrb	r3, [r3, r4]
	STRB	R3, [R5]
20000016:	702b      	strb	r3, [r5, #0]
	B	main
20000018:	e7f8      	b.n	2000000c <main>

2000001a <main_2>:
main_2:	
	MOV	R7, #0
2000001a:	2700      	movs	r7, #0
	STR	R7, [R5]
2000001c:	602f      	str	r7, [r5, #0]
	B	main
2000001e:	e7f5      	b.n	2000000c <main>

20000020 <SegCodes>:
20000020:	4f5b063f 	.word	0x4f5b063f
20000024:	077d6d66 	.word	0x077d6d66
20000028:	7c776f7f 	.word	0x7c776f7f
2000002c:	71795e0f 	.word	0x71795e0f
20000030:	55555555 	.word	0x55555555
20000034:	40020c00 	.word	0x40020c00
20000038:	40020c14 	.word	0x40020c14
2000003c:	40021010 	.word	0x40021010
20000040:	20000020 	.word	0x20000020