
compare.elf:     file format elf32-littlearm


Disassembly of section .text:

20000000 <start>:
start:	LDR	R0, =0x555555555
20000000:	4807      	ldr	r0, [pc, #28]	; (20000020 <main_2+0x4>)
	LDR	R1, =0x40020C00
20000002:	4908      	ldr	r1, [pc, #32]	; (20000024 <main_2+0x8>)
	STR	R0, [R1]
20000004:	6008      	str	r0, [r1, #0]
	LDR	R5, =0x40020C14
20000006:	4d08      	ldr	r5, [pc, #32]	; (20000028 <main_2+0xc>)
	LDR	R6, =0x40021010
20000008:	4e08      	ldr	r6, [pc, #32]	; (2000002c <main_2+0x10>)

2000000a <main>:

main:	LDRB	R3, [R6]
2000000a:	7833      	ldrb	r3, [r6, #0]
	SXTB	R3, R3
2000000c:	b25b      	sxtb	r3, r3
	LDRB	R4,[R6, #1]
2000000e:	7874      	ldrb	r4, [r6, #1]
	SXTB	R4, R4
20000010:	b264      	sxtb	r4, r4
	CMP	R3, R4
20000012:	42a3      	cmp	r3, r4
	BGT	main_1
20000014:	dc01      	bgt.n	2000001a <main_1>
	MOV	R0, #0
20000016:	2000      	movs	r0, #0
	B	main_2
20000018:	e000      	b.n	2000001c <main_2>

2000001a <main_1>:
main_1:	MOV	R0,#0xFF
2000001a:	20ff      	movs	r0, #255	; 0xff

2000001c <main_2>:
main_2:	STRB	R0, [R5]
2000001c:	7028      	strb	r0, [r5, #0]
	B	main
2000001e:	e7f4      	b.n	2000000a <main>
20000020:	55555555 	.word	0x55555555
20000024:	40020c00 	.word	0x40020c00
20000028:	40020c14 	.word	0x40020c14
2000002c:	40021010 	.word	0x40021010